c:\users\mcsioni\desktop\poker_holdem\poker_holdem\x64\debug\vc141.pdb
c:\users\mcsioni\desktop\poker_holdem\poker_holdem\x64\debug\vc141.idb
c:\users\mcsioni\desktop\poker_holdem\poker_holdem\x64\debug\zegar.obj
c:\users\mcsioni\desktop\poker_holdem\poker_holdem\x64\debug\uklad_kart.obj
c:\users\mcsioni\desktop\poker_holdem\poker_holdem\x64\debug\tura.obj
c:\users\mcsioni\desktop\poker_holdem\poker_holdem\x64\debug\talia_kart.obj
c:\users\mcsioni\desktop\poker_holdem\poker_holdem\x64\debug\stawki.obj
c:\users\mcsioni\desktop\poker_holdem\poker_holdem\x64\debug\rozdanie_sfml.obj
c:\users\mcsioni\desktop\poker_holdem\poker_holdem\x64\debug\myszka.obj
c:\users\mcsioni\desktop\poker_holdem\poker_holdem\x64\debug\menu_sfml.obj
c:\users\mcsioni\desktop\poker_holdem\poker_holdem\x64\debug\main.obj
c:\users\mcsioni\desktop\poker_holdem\poker_holdem\x64\debug\karta.obj
c:\users\mcsioni\desktop\poker_holdem\poker_holdem\x64\debug\inteligencja.obj
c:\users\mcsioni\desktop\poker_holdem\poker_holdem\x64\debug\gra_sfml.obj
c:\users\mcsioni\desktop\poker_holdem\poker_holdem\x64\debug\gracz.obj
c:\users\mcsioni\desktop\poker_holdem\poker_holdem\x64\debug\suwak.obj
c:\users\mcsioni\desktop\poker_holdem\poker_holdem\x64\debug\runda.obj
e:\semestr_4\879b21fe-gr61-repo\projekt\poker_holdem\poker_holdem\x64\debug\vc141.pdb
e:\semestr_4\879b21fe-gr61-repo\projekt\poker_holdem\poker_holdem\x64\debug\vc141.idb
e:\semestr_4\879b21fe-gr61-repo\projekt\poker_holdem\poker_holdem\x64\debug\zegar.obj
e:\semestr_4\879b21fe-gr61-repo\projekt\poker_holdem\poker_holdem\x64\debug\uklad_kart.obj
e:\semestr_4\879b21fe-gr61-repo\projekt\poker_holdem\poker_holdem\x64\debug\tura.obj
e:\semestr_4\879b21fe-gr61-repo\projekt\poker_holdem\poker_holdem\x64\debug\talia_kart.obj
e:\semestr_4\879b21fe-gr61-repo\projekt\poker_holdem\poker_holdem\x64\debug\suwak.obj
e:\semestr_4\879b21fe-gr61-repo\projekt\poker_holdem\poker_holdem\x64\debug\stawki.obj
e:\semestr_4\879b21fe-gr61-repo\projekt\poker_holdem\poker_holdem\x64\debug\runda.obj
e:\semestr_4\879b21fe-gr61-repo\projekt\poker_holdem\poker_holdem\x64\debug\rozdanie_sfml.obj
e:\semestr_4\879b21fe-gr61-repo\projekt\poker_holdem\poker_holdem\x64\debug\myszka.obj
e:\semestr_4\879b21fe-gr61-repo\projekt\poker_holdem\poker_holdem\x64\debug\menu_sfml.obj
e:\semestr_4\879b21fe-gr61-repo\projekt\poker_holdem\poker_holdem\x64\debug\main.obj
e:\semestr_4\879b21fe-gr61-repo\projekt\poker_holdem\poker_holdem\x64\debug\karta.obj
e:\semestr_4\879b21fe-gr61-repo\projekt\poker_holdem\poker_holdem\x64\debug\inteligencja.obj
e:\semestr_4\879b21fe-gr61-repo\projekt\poker_holdem\poker_holdem\x64\debug\gra_sfml.obj
e:\semestr_4\879b21fe-gr61-repo\projekt\poker_holdem\poker_holdem\x64\debug\gracz.obj
e:\semestr_4\879b21fe-gr61-repo\projekt\poker_holdem\poker_holdem\x64\debug\semafory.obj
e:\semestr_4\879b21fe-gr61-repo\projekt\poker_holdem\poker_holdem\x64\debug\poker.obj
e:\semestr_4\879b21fe-gr61-repo\projekt\poker_holdem\poker_holdem\x64\debug\statystyki.obj
e:\semestr_4\879b21fe-gr61-repo\projekt\poker_holdem\poker_holdem\x64\debug\ruch.obj
c:\users\mcsioni\desktop\poker_holdem\x64\debug\poker_holdem.exe
c:\users\mcsioni\desktop\poker_holdem\x64\debug\poker_holdem.ilk
c:\users\mcsioni\desktop\poker_holdem\x64\debug\poker_holdem.pdb
e:\semestr_4\879b21fe-gr61-repo\projekt\poker_holdem\x64\debug\poker_holdem.exe
e:\semestr_4\879b21fe-gr61-repo\projekt\poker_holdem\x64\debug\poker_holdem.ilk
e:\semestr_4\879b21fe-gr61-repo\projekt\poker_holdem\x64\debug\poker_holdem.pdb
e:\semestr_4\879b21fe-gr61-repo\projekt\poker_holdem\poker_holdem\x64\debug\inteligencja.obj.enc
e:\semestr_4\879b21fe-gr61-repo\projekt\poker_holdem\poker_holdem\x64\debug\poker_holdem.tlog\cl.command.1.tlog
e:\semestr_4\879b21fe-gr61-repo\projekt\poker_holdem\poker_holdem\x64\debug\poker_holdem.tlog\cl.read.1.tlog
e:\semestr_4\879b21fe-gr61-repo\projekt\poker_holdem\poker_holdem\x64\debug\poker_holdem.tlog\cl.write.1.tlog
e:\semestr_4\879b21fe-gr61-repo\projekt\poker_holdem\poker_holdem\x64\debug\poker_holdem.tlog\link.command.1.tlog
e:\semestr_4\879b21fe-gr61-repo\projekt\poker_holdem\poker_holdem\x64\debug\poker_holdem.tlog\link.read.1.tlog
e:\semestr_4\879b21fe-gr61-repo\projekt\poker_holdem\poker_holdem\x64\debug\poker_holdem.tlog\link.write.1.tlog
